11:43:57 AM: DEBUG [conexion.py:23] Conexión exitosa: <connection object at 0x000001AB38AF17A0; dsn: 'user=postgres password=xxx dbname=comics host=127.8.8.1 port=5432', closed: 0>
11:44:16 AM: DEBUG [conexion.py:23] Conexión exitosa: <connection object at 0x000001D0F2C617A0; dsn: 'user=postgres password=xxx dbname=comics host=127.8.8.1 port=5432', closed: 0>
11:44:56 AM: DEBUG [conexion.py:23] Conexión exitosa: <connection object at 0x000001E445F317A0; dsn: 'user=postgres password=xxx dbname=comics host=127.8.8.1 port=5432', closed: 0>
11:45:08 AM: DEBUG [conexion.py:23] Conexión exitosa: <connection object at 0x000002CD6C4A17A0; dsn: 'user=postgres password=xxx dbname=comics host=127.8.8.1 port=5432', closed: 0>
11:45:29 AM: DEBUG [conexion.py:23] Conexión exitosa: <connection object at 0x000001C3E39917A0; dsn: 'user=postgres password=xxx dbname=comics host=127.8.8.1 port=5432', closed: 0>
11:45:29 AM: DEBUG [main.py:5] 
            Comic Id: 1, Descripcion: X-MEN #2 - 1995,
            Autor Id: 1, Editorial Id: 1
        
11:45:29 AM: DEBUG [main.py:5] 
            Comic Id: 2, Descripcion: Spiderman-1990,
            Autor Id: 1, Editorial Id: 1
        
11:45:29 AM: DEBUG [main.py:5] 
            Comic Id: 3, Descripcion: Superman-2011,
            Autor Id: 2, Editorial Id: 2
        
11:45:29 AM: DEBUG [main.py:5] 
            Comic Id: 4, Descripcion: Batman A1-2020,
            Autor Id: 3, Editorial Id: 3
        
11:45:30 AM: DEBUG [main.py:5] 
            Comic Id: 5, Descripcion: Batman A3-2020,
            Autor Id: 3, Editorial Id: 3
        
11:45:38 AM: DEBUG [conexion.py:23] Conexión exitosa: <connection object at 0x0000027450C117A0; dsn: 'user=postgres password=xxx dbname=comics host=127.8.8.1 port=5432', closed: 0>
11:45:38 AM: DEBUG [main.py:5] 
            Comic Id: 1, Descripcion: X-MEN #2 - 1995,
            Autor Id: 1, Editorial Id: 1
        
11:45:38 AM: DEBUG [main.py:5] 
            Comic Id: 2, Descripcion: Spiderman-1990,
            Autor Id: 1, Editorial Id: 1
        
11:45:38 AM: DEBUG [main.py:5] 
            Comic Id: 3, Descripcion: Superman-2011,
            Autor Id: 2, Editorial Id: 2
        
11:45:38 AM: DEBUG [main.py:5] 
            Comic Id: 4, Descripcion: Batman A1-2020,
            Autor Id: 3, Editorial Id: 3
        
11:45:38 AM: DEBUG [main.py:5] 
            Comic Id: 5, Descripcion: Batman A3-2020,
            Autor Id: 3, Editorial Id: 3
        
12:59:56 PM: DEBUG [conexion.py:23] Conexión exitosa: <connection object at 0x000002467D5917A0; dsn: 'user=postgres password=xxx dbname=comics host=127.8.8.1 port=5432', closed: 0>
12:59:56 PM: DEBUG [main.py:5] 
            Comic Id: 1, Descripcion: X-MEN #2 - 1995,
            Autor Id: 1, Editorial Id: 1
        
12:59:56 PM: DEBUG [main.py:5] 
            Comic Id: 2, Descripcion: Spiderman-1990,
            Autor Id: 1, Editorial Id: 1
        
12:59:56 PM: DEBUG [main.py:5] 
            Comic Id: 3, Descripcion: Superman-2011,
            Autor Id: 2, Editorial Id: 2
        
12:59:56 PM: DEBUG [main.py:5] 
            Comic Id: 4, Descripcion: Batman A1-2020,
            Autor Id: 3, Editorial Id: 3
        
12:59:56 PM: DEBUG [main.py:5] 
            Comic Id: 5, Descripcion: Batman A3-2020,
            Autor Id: 3, Editorial Id: 3
        
03:24:42 PM: DEBUG [conexion.py:23] Conexión exitosa: <connection object at 0x00000195F27A17A0; dsn: 'user=postgres password=xxx dbname=comics host=127.8.8.1 port=5432', closed: 0>
03:24:43 PM: DEBUG [main.py:7] 
            Comic Id: 1, Descripcion: X-MEN #2 - 1995,
            Autor Id: 1, Editorial Id: 1
        
03:24:43 PM: DEBUG [main.py:7] 
            Comic Id: 2, Descripcion: Spiderman-1990,
            Autor Id: 1, Editorial Id: 1
        
03:24:43 PM: DEBUG [main.py:7] 
            Comic Id: 3, Descripcion: Superman-2011,
            Autor Id: 2, Editorial Id: 2
        
03:24:43 PM: DEBUG [main.py:7] 
            Comic Id: 4, Descripcion: Batman A1-2020,
            Autor Id: 3, Editorial Id: 3
        
03:24:43 PM: DEBUG [main.py:7] 
            Comic Id: 5, Descripcion: Batman A3-2020,
            Autor Id: 3, Editorial Id: 3
        
03:28:23 PM: DEBUG [conexion.py:23] Conexión exitosa: <connection object at 0x0000017954F417A0; dsn: 'user=postgres password=xxx dbname=comics host=127.8.8.1 port=5432', closed: 0>
03:28:23 PM: DEBUG [main.py:7] 
            Comic Id: 1, Descripcion: X-MEN #2 - 1995,
            Autor Id: 1, Editorial Id: 1
        
03:28:23 PM: DEBUG [main.py:7] 
            Comic Id: 2, Descripcion: Spiderman-1990,
            Autor Id: 1, Editorial Id: 1
        
03:28:23 PM: DEBUG [main.py:7] 
            Comic Id: 3, Descripcion: Superman-2011,
            Autor Id: 2, Editorial Id: 2
        
03:28:23 PM: DEBUG [main.py:7] 
            Comic Id: 4, Descripcion: Batman A1-2020,
            Autor Id: 3, Editorial Id: 3
        
03:28:23 PM: DEBUG [main.py:7] 
            Comic Id: 5, Descripcion: Batman A3-2020,
            Autor Id: 3, Editorial Id: 3
        
11:51:07 AM: DEBUG [conexion.py:23] Conexión exitosa: <connection object at 0x000001ACC13A17A0; dsn: 'user=postgres password=xxx dbname=comics host=127.8.8.1 port=5432', closed: 0>
11:51:07 AM: DEBUG [main.py:7] 
            Comic Id: 1, Descripcion: X-MEN #2 - 1995,
            Autor Id: 1, Editorial Id: 1
        
11:51:07 AM: DEBUG [main.py:7] 
            Comic Id: 2, Descripcion: Spiderman-1990,
            Autor Id: 1, Editorial Id: 1
        
11:51:07 AM: DEBUG [main.py:7] 
            Comic Id: 3, Descripcion: Superman-2011,
            Autor Id: 2, Editorial Id: 2
        
11:51:07 AM: DEBUG [main.py:7] 
            Comic Id: 4, Descripcion: Batman A1-2020,
            Autor Id: 3, Editorial Id: 3
        
11:51:07 AM: DEBUG [main.py:7] 
            Comic Id: 5, Descripcion: Batman A3-2020,
            Autor Id: 3, Editorial Id: 3
        
11:59:44 AM: DEBUG [conexion.py:23] Conexión exitosa: <connection object at 0x000001D4E3AD17A0; dsn: 'user=postgres password=xxx dbname=comics host=127.8.8.1 port=5432', closed: 0>
12:00:04 PM: DEBUG [conexion.py:23] Conexión exitosa: <connection object at 0x000001A2369617A0; dsn: 'user=postgres password=xxx dbname=comics host=127.8.8.1 port=5432', closed: 0>
12:34:14 PM: DEBUG [conexion.py:23] Conexión exitosa: <connection object at 0x000001C3780917A0; dsn: 'user=postgres password=xxx dbname=comics host=127.8.8.1 port=5432', closed: 0>
12:34:51 PM: DEBUG [conexion.py:23] Conexión exitosa: <connection object at 0x00000237C3EE17A0; dsn: 'user=postgres password=xxx dbname=comics host=127.8.8.1 port=5432', closed: 0>
12:35:26 PM: DEBUG [conexion.py:23] Conexión exitosa: <connection object at 0x00000240D8BB17A0; dsn: 'user=postgres password=xxx dbname=comics host=127.8.8.1 port=5432', closed: 0>
12:36:27 PM: DEBUG [conexion.py:23] Conexión exitosa: <connection object at 0x00000126EA2817A0; dsn: 'user=postgres password=xxx dbname=comics host=127.8.8.1 port=5432', closed: 0>
12:37:29 PM: DEBUG [conexion.py:23] Conexión exitosa: <connection object at 0x000001C4186117A0; dsn: 'user=postgres password=xxx dbname=comics host=127.8.8.1 port=5432', closed: 0>
12:39:02 PM: DEBUG [conexion.py:23] Conexión exitosa: <connection object at 0x000001A9FB8B17A0; dsn: 'user=postgres password=xxx dbname=comics host=127.8.8.1 port=5432', closed: 0>
12:39:46 PM: DEBUG [conexion.py:23] Conexión exitosa: <connection object at 0x00000283BE0E17A0; dsn: 'user=postgres password=xxx dbname=comics host=127.8.8.1 port=5432', closed: 0>
12:40:15 PM: DEBUG [conexion.py:23] Conexión exitosa: <connection object at 0x00000274AC4117A0; dsn: 'user=postgres password=xxx dbname=comics host=127.8.8.1 port=5432', closed: 0>
12:40:35 PM: DEBUG [conexion.py:23] Conexión exitosa: <connection object at 0x0000028F07D317A0; dsn: 'user=postgres password=xxx dbname=comics host=127.8.8.1 port=5432', closed: 0>
