12:59:31 PM: DEBUG [conexion.py:23] Conexión exitosa: <connection object at 0x000001E78EE117A0; dsn: 'user=postgres password=xxx dbname=comics host=127.8.8.1 port=5432', closed: 0>
12:59:31 PM: DEBUG [conexion.py:36] Se abrió correctamente el cursor: <cursor object at 0x000001E79108D7E0; closed: 0>
01:01:59 PM: DEBUG [conexion.py:23] Conexión exitosa: <connection object at 0x00000241225317A0; dsn: 'user=postgres password=xxx dbname=comics host=127.8.8.1 port=5432', closed: 0>
01:01:59 PM: DEBUG [comic_dao.py:73] 
            Comic Id: 1, Descripcion: X-MEN #2 - 1995,
            Autor Id: 1, Editorial Id: 1
        
01:01:59 PM: DEBUG [comic_dao.py:73] 
            Comic Id: 2, Descripcion: Spiderman-1990,
            Autor Id: 1, Editorial Id: 1
        
01:01:59 PM: DEBUG [comic_dao.py:73] 
            Comic Id: 3, Descripcion: Superman-2011,
            Autor Id: 2, Editorial Id: 2
        
01:01:59 PM: DEBUG [comic_dao.py:73] 
            Comic Id: 4, Descripcion: Batman A1-2020,
            Autor Id: 3, Editorial Id: 3
        
01:01:59 PM: DEBUG [comic_dao.py:73] 
            Comic Id: 5, Descripcion: Batman A3-2020,
            Autor Id: 3, Editorial Id: 3
        
11:20:53 AM: DEBUG [conexion.py:23] Conexión exitosa: <connection object at 0x0000023CE24017A0; dsn: 'user=postgres password=xxx dbname=comics host=127.8.8.1 port=5432', closed: 0>
11:20:53 AM: DEBUG [conexion.py:36] Se abrió correctamente el cursor: <cursor object at 0x0000023CE426D7E0; closed: 0>
11:21:59 AM: DEBUG [conexion.py:23] Conexión exitosa: <connection object at 0x00000189C98B17A0; dsn: 'user=postgres password=xxx dbname=comics host=127.8.8.1 port=5432', closed: 0>
11:21:59 AM: DEBUG [comic_dao.py:73] 
            Comic Id: 1, Descripcion: X-MEN #2 - 1995,
            Autor Id: 1, Editorial Id: 1
        
11:21:59 AM: DEBUG [comic_dao.py:73] 
            Comic Id: 2, Descripcion: Spiderman-1990,
            Autor Id: 1, Editorial Id: 1
        
11:21:59 AM: DEBUG [comic_dao.py:73] 
            Comic Id: 3, Descripcion: Superman-2011,
            Autor Id: 2, Editorial Id: 2
        
11:21:59 AM: DEBUG [comic_dao.py:73] 
            Comic Id: 4, Descripcion: Batman A1-2020,
            Autor Id: 3, Editorial Id: 3
        
11:21:59 AM: DEBUG [comic_dao.py:73] 
            Comic Id: 5, Descripcion: Batman A3-2020,
            Autor Id: 3, Editorial Id: 3
        
11:38:00 AM: DEBUG [conexion.py:23] Conexión exitosa: <connection object at 0x000001B8CEC217A0; dsn: 'user=postgres password=xxx dbname=comics host=127.8.8.1 port=5432', closed: 0>
11:38:00 AM: DEBUG [comic_dao.py:73] 
            Comic Id: 1, Descripcion: X-MEN #2 - 1995,
            Autor Id: 1, Editorial Id: 1
        
11:38:00 AM: DEBUG [comic_dao.py:73] 
            Comic Id: 2, Descripcion: Spiderman-1990,
            Autor Id: 1, Editorial Id: 1
        
11:38:00 AM: DEBUG [comic_dao.py:73] 
            Comic Id: 3, Descripcion: Superman-2011,
            Autor Id: 2, Editorial Id: 2
        
11:38:00 AM: DEBUG [comic_dao.py:73] 
            Comic Id: 4, Descripcion: Batman A1-2020,
            Autor Id: 3, Editorial Id: 3
        
11:38:00 AM: DEBUG [comic_dao.py:73] 
            Comic Id: 5, Descripcion: Batman A3-2020,
            Autor Id: 3, Editorial Id: 3
        
11:42:14 AM: DEBUG [conexion.py:23] Conexión exitosa: <connection object at 0x00000132555E17A0; dsn: 'user=postgres password=xxx dbname=comics host=127.8.8.1 port=5432', closed: 0>
11:42:14 AM: DEBUG [conexion.py:36] Se abrió correctamente el cursor: <cursor object at 0x00000132577CD7E0; closed: 0>
11:43:53 AM: DEBUG [conexion.py:23] Conexión exitosa: <connection object at 0x00000184F65917A0; dsn: 'user=postgres password=xxx dbname=comics host=127.8.8.1 port=5432', closed: 0>
11:43:53 AM: DEBUG [comic_dao.py:73] 
            Comic Id: 1, Descripcion: X-MEN #2 - 1995,
            Autor Id: 1, Editorial Id: 1
        
11:43:53 AM: DEBUG [comic_dao.py:73] 
            Comic Id: 2, Descripcion: Spiderman-1990,
            Autor Id: 1, Editorial Id: 1
        
11:43:53 AM: DEBUG [comic_dao.py:73] 
            Comic Id: 3, Descripcion: Superman-2011,
            Autor Id: 2, Editorial Id: 2
        
11:43:53 AM: DEBUG [comic_dao.py:73] 
            Comic Id: 4, Descripcion: Batman A1-2020,
            Autor Id: 3, Editorial Id: 3
        
11:43:53 AM: DEBUG [comic_dao.py:73] 
            Comic Id: 5, Descripcion: Batman A3-2020,
            Autor Id: 3, Editorial Id: 3
        
